============================================================
Resume from OP mapping
============================================================
  database: sigkdd_structured
  output:   /Users/douer_lucky/Documents/科研/MAMG/output/sigkdd_structured
  input:    final_alignment.json + enriched_schema.json
  CPA:      disabled
  R2RML old OP fallback: disabled
  等价列 OP 模块任务数: FK=15, SR=16, total=31
  [1/31] EquivOP selecting Best_Paper_Awards_Committ.award candidates=2
  [2/31] EquivOP selecting Best_Paper_Awards_Committ.hasCommittee_Inv candidates=3
  [3/31] EquivOP selecting Best_Paper_Awards_Committ.isCommitteeOf candidates=3
  [4/31] EquivOP selecting Conference.holded_by candidates=2
  [5/31] EquivOP selecting Deadline_Abstract_Submiss.designed_by candidates=2
  [6/31] EquivOP selecting E-mail.Person candidates=0
  [7/31] EquivOP selecting Organizing_Committee.hasCommittee_Inv candidates=2
  [8/31] EquivOP selecting Organizing_Committee.isCommitteeOf candidates=2
  [9/31] EquivOP selecting Program_Committee.hasCommittee_Inv candidates=2
  [10/31] EquivOP selecting Program_Committee.isCommitteeOf candidates=2
  [11/31] EquivOP selecting Review.ID candidates=2
  [12/31] EquivOP selecting Review.hasReview_Inv candidates=2
  [13/31] EquivOP selecting Review.isReviewOf candidates=2
  [14/31] EquivOP selecting search.ACM_SIGKDD candidates=1
  [15/31] EquivOP selecting search.Sponzor candidates=1
  [16/31] EquivOP selecting can_stay_in candidates=2
  [17/31] EquivOP selecting notification_until candidates=4
  [18/31] EquivOP selecting obtain candidates=5
  [19/31] EquivOP selecting pay candidates=3
  [20/31] EquivOP selecting presentation candidates=4
  [21/31] EquivOP selecting search candidates=2
  [22/31] EquivOP selecting submit candidates=6
  [23/31] EquivOP selecting submit_until candidates=6
  [24/31] EquivOP selecting Best_Paper_Awards_Committ::award__hasCommittee_Inv candidates=7
  [25/31] EquivOP selecting Best_Paper_Awards_Committ::award__isCommitteeOf candidates=7
  [26/31] EquivOP selecting Best_Paper_Awards_Committ::hasCommittee_Inv__isCommitteeOf candidates=6
  [27/31] EquivOP selecting Organizing_Committee::hasCommittee_Inv__isCommitteeOf candidates=4
  [28/31] EquivOP selecting Program_Committee::hasCommittee_Inv__isCommitteeOf candidates=4
  [29/31] EquivOP selecting Review::ID__hasReview_Inv candidates=4
  [30/31] EquivOP selecting Review::ID__isReviewOf candidates=4
  [31/31] EquivOP selecting Review::hasReview_Inv__isReviewOf candidates=4

R2RML 生成完成: SE=13, SH=1, SR=8

Done.
  OP results: /Users/douer_lucky/Documents/科研/MAMG/output/sigkdd_structured/equivalence_op_module_predictions.json
  CPA shape:  /Users/douer_lucky/Documents/科研/MAMG/output/sigkdd_structured/cpa_step1_result.json
  TTL:        /Users/douer_lucky/Documents/科研/MAMG/output/sigkdd_structured/rodi_sigkdd_structured_generated_mapping.ttl
  TTL chars:  16627
